<?xml version="1.0" encoding="UTF-8"?>
<testng-results ignored="0" total="1" passed="1" failed="0" skipped="0">
  <reporter-output>
  </reporter-output>
  <suite started-at="2023-05-02T09:24:20 IST" name="Default suite" finished-at="2023-05-02T09:24:45 IST" duration-ms="25260">
    <groups>
    </groups>
    <test started-at="2023-05-02T09:24:20 IST" name="Default test" finished-at="2023-05-02T09:24:45 IST" duration-ms="25260">
      <class name="com.bestretail.qspiders.testcase.TC01_LoginintoHomepage">
        <test-method is-config="true" signature="confiBeforeMethod()[pri:0, instance:com.bestretail.qspiders.testcase.TC01_LoginintoHomepage@55b699ef]" started-at="2023-05-02T09:23:51 IST" name="confiBeforeMethod" finished-at="2023-05-02T09:24:20 IST" duration-ms="28933" status="PASS">
          <reporter-output>
          </reporter-output>
        </test-method> <!-- confiBeforeMethod -->
        <test-method signature="logintoHomepage()[pri:0, instance:com.bestretail.qspiders.testcase.TC01_LoginintoHomepage@55b699ef]" started-at="2023-05-02T09:24:20 IST" name="logintoHomepage" finished-at="2023-05-02T09:24:45 IST" duration-ms="25074" status="PASS">
          <reporter-output>
          </reporter-output>
        </test-method> <!-- logintoHomepage -->
        <test-method is-config="true" signature="confiAfterMethod()[pri:0, instance:com.bestretail.qspiders.testcase.TC01_LoginintoHomepage@55b699ef]" started-at="2023-05-02T09:24:46 IST" name="confiAfterMethod" finished-at="2023-05-02T09:24:50 IST" duration-ms="4590" status="PASS">
          <reporter-output>
          </reporter-output>
        </test-method> <!-- confiAfterMethod -->
      </class> <!-- com.bestretail.qspiders.testcase.TC01_LoginintoHomepage -->
    </test> <!-- Default test -->
  </suite> <!-- Default suite -->
</testng-results>
