<?xml version="1.0" encoding="UTF-8"?>
<testng-results ignored="0" total="1" passed="0" failed="1" skipped="0">
  <reporter-output>
    <line>
      <![CDATA[Logging into the application]]>
    </line>
    <line>
      <![CDATA[clicking on catalog option]]>
    </line>
    <line>
      <![CDATA[clicking on product button]]>
    </line>
    <line>
      <![CDATA[clicking on Addproduct button]]>
    </line>
    <line>
      <![CDATA[Entering necesssary values to add a new product]]>
    </line>
  </reporter-output>
  <suite started-at="2023-05-21T11:13:08 IST" name="Default suite" finished-at="2023-05-21T11:14:07 IST" duration-ms="59457">
    <groups>
    </groups>
    <test started-at="2023-05-21T11:13:08 IST" name="Default test" finished-at="2023-05-21T11:14:07 IST" duration-ms="59457">
      <class name="com.bestretail.qspiders.testcase.TC02_AddNewProduct">
        <test-method is-config="true" signature="confiBeforeMethod()[pri:0, instance:com.bestretail.qspiders.testcase.TC02_AddNewProduct@799f10e1]" started-at="2023-05-21T11:12:56 IST" name="confiBeforeMethod" finished-at="2023-05-21T11:13:08 IST" duration-ms="11636" status="PASS">
          <reporter-output>
          </reporter-output>
        </test-method> <!-- confiBeforeMethod -->
        <test-method signature="addNewProduct()[pri:0, instance:com.bestretail.qspiders.testcase.TC02_AddNewProduct@799f10e1]" started-at="2023-05-21T11:13:08 IST" name="addNewProduct" finished-at="2023-05-21T11:14:07 IST" duration-ms="59345" status="FAIL">
          <exception class="java.lang.IllegalStateException">
            <message>
              <![CDATA[Cannot get a STRING value from a NUMERIC cell]]>
            </message>
            <full-stacktrace>
              <![CDATA[java.lang.IllegalStateException: Cannot get a STRING value from a NUMERIC cell
at org.apache.poi.xssf.usermodel.XSSFCell.typeMismatch(XSSFCell.java:987)
at org.apache.poi.xssf.usermodel.XSSFCell.getRichStringCellValue(XSSFCell.java:336)
at org.apache.poi.xssf.usermodel.XSSFCell.getStringCellValue(XSSFCell.java:280)
at com.bestretail.qspisders.genericutility.ExcelUtility.readStringDataFromExcel(ExcelUtility.java:25)
at com.bestretail.qspiders.testcase.TC02_AddNewProduct.addNewProduct(TC02_AddNewProduct.java:151)
at java.base/jdk.internal.reflect.DirectMethodHandleAccessor.invoke(DirectMethodHandleAccessor.java:104)
at java.base/java.lang.reflect.Method.invoke(Method.java:578)
at org.testng.internal.invokers.MethodInvocationHelper.invokeMethod(MethodInvocationHelper.java:139)
at org.testng.internal.invokers.TestInvoker.invokeMethod(TestInvoker.java:677)
at org.testng.internal.invokers.TestInvoker.invokeTestMethod(TestInvoker.java:221)
at org.testng.internal.invokers.MethodRunner.runInSequence(MethodRunner.java:50)
at org.testng.internal.invokers.TestInvoker$MethodInvocationAgent.invoke(TestInvoker.java:969)
at org.testng.internal.invokers.TestInvoker.invokeTestMethods(TestInvoker.java:194)
at org.testng.internal.invokers.TestMethodWorker.invokeTestMethods(TestMethodWorker.java:148)
at org.testng.internal.invokers.TestMethodWorker.run(TestMethodWorker.java:128)
at java.base/java.util.ArrayList.forEach(ArrayList.java:1511)
at org.testng.TestRunner.privateRun(TestRunner.java:829)
at org.testng.TestRunner.run(TestRunner.java:602)
at org.testng.SuiteRunner.runTest(SuiteRunner.java:437)
at org.testng.SuiteRunner.runSequentially(SuiteRunner.java:431)
at org.testng.SuiteRunner.privateRun(SuiteRunner.java:391)
at org.testng.SuiteRunner.run(SuiteRunner.java:330)
at org.testng.SuiteRunnerWorker.runSuite(SuiteRunnerWorker.java:52)
at org.testng.SuiteRunnerWorker.run(SuiteRunnerWorker.java:95)
at org.testng.TestNG.runSuitesSequentially(TestNG.java:1256)
at org.testng.TestNG.runSuitesLocally(TestNG.java:1176)
at org.testng.TestNG.runSuites(TestNG.java:1099)
at org.testng.TestNG.run(TestNG.java:1067)
at org.testng.remote.AbstractRemoteTestNG.run(AbstractRemoteTestNG.java:115)
at org.testng.remote.RemoteTestNG.initAndRun(RemoteTestNG.java:251)
at org.testng.remote.RemoteTestNG.main(RemoteTestNG.java:77)
]]>
            </full-stacktrace>
          </exception> <!-- java.lang.IllegalStateException -->
          <reporter-output>
            <line>
              <![CDATA[Logging into the application]]>
            </line>
            <line>
              <![CDATA[clicking on catalog option]]>
            </line>
            <line>
              <![CDATA[clicking on product button]]>
            </line>
            <line>
              <![CDATA[clicking on Addproduct button]]>
            </line>
            <line>
              <![CDATA[Entering necesssary values to add a new product]]>
            </line>
          </reporter-output>
        </test-method> <!-- addNewProduct -->
        <test-method is-config="true" signature="confiAfterMethod()[pri:0, instance:com.bestretail.qspiders.testcase.TC02_AddNewProduct@799f10e1]" started-at="2023-05-21T11:14:07 IST" name="confiAfterMethod" finished-at="2023-05-21T11:14:15 IST" duration-ms="7871" status="PASS">
          <reporter-output>
          </reporter-output>
        </test-method> <!-- confiAfterMethod -->
      </class> <!-- com.bestretail.qspiders.testcase.TC02_AddNewProduct -->
    </test> <!-- Default test -->
  </suite> <!-- Default suite -->
</testng-results>
